[debug] [2020-07-04T17:16:36.809Z] ----------------------------------------------------------------------
[debug] [2020-07-04T17:16:36.810Z] Command:       /usr/local/bin/firebase /Users/vincent/.cache/firebase/tools/lib/node_modules/firebase-tools/lib/bin/firebase emulators:start
[debug] [2020-07-04T17:16:36.810Z] CLI Version:   8.2.0
[debug] [2020-07-04T17:16:36.810Z] Platform:      darwin
[debug] [2020-07-04T17:16:36.810Z] Node Version:  v12.16.1
[debug] [2020-07-04T17:16:36.811Z] Time:          Sat Jul 04 2020 13:16:36 GMT-0400 (Atlantic Standard Time)
[debug] [2020-07-04T17:16:36.811Z] ----------------------------------------------------------------------
[debug] [2020-07-04T17:16:36.811Z] 
[debug] [2020-07-04T17:16:36.817Z] > command requires scopes: ["email","openid","https://www.googleapis.com/auth/cloudplatformprojects.readonly","https://www.googleapis.com/auth/firebase","https://www.googleapis.com/auth/cloud-platform"]
[debug] [2020-07-04T17:16:36.817Z] > authorizing via signed-in user
[info] i  emulators: Starting emulators: functions, hosting
[warn] ⚠  emulators: It seems that you are running multiple instances of the emulator suite for project new-vibe. This may result in unexpected behavior.
[debug] [2020-07-04T17:16:36.843Z] [hub] writing locator at /var/folders/cx/bnmlzx515v78mtl8cw248ssh0000gn/T/hub-new-vibe.json
[info] ✔  hub: emulator hub started at http://localhost:4400
[warn] ⚠  Your requested "node" version "8" doesn't match your global version "12"
[info] ✔  functions: functions emulator started at http://localhost:5001
[debug] [2020-07-04T17:16:37.114Z] > refreshing access token with scopes: ["email","https://www.googleapis.com/auth/cloud-platform","https://www.googleapis.com/auth/cloudplatformprojects.readonly","https://www.googleapis.com/auth/firebase","openid"]
[debug] [2020-07-04T17:16:37.115Z] >>> HTTP REQUEST POST https://www.googleapis.com/oauth2/v3/token  
 <request body omitted>
[debug] [2020-07-04T17:16:37.403Z] <<< HTTP RESPONSE 200 {"content-type":"application/json; charset=utf-8","vary":"X-Origin, Referer, Origin,Accept-Encoding","date":"Sat, 04 Jul 2020 17:16:37 GMT","server":"scaffolding on HTTPServer2","cache-control":"private","x-xss-protection":"0","x-frame-options":"SAMEORIGIN","x-content-type-options":"nosniff","alt-svc":"h3-29=\":443\"; ma=2592000,h3-27=\":443\"; ma=2592000,h3-25=\":443\"; ma=2592000,h3-T050=\":443\"; ma=2592000,h3-Q050=\":443\"; ma=2592000,h3-Q046=\":443\"; ma=2592000,h3-Q043=\":443\"; ma=2592000,quic=\":443\"; ma=2592000; v=\"46,43\"","accept-ranges":"none","transfer-encoding":"chunked"}
[debug] [2020-07-04T17:16:37.415Z] >>> HTTP REQUEST GET https://firebase.googleapis.com/v1beta1/projects/new-vibe/webApps/-/config  
 
[debug] [2020-07-04T17:16:38.243Z] <<< HTTP RESPONSE 200 {"content-type":"application/json; charset=UTF-8","vary":"X-Origin, Referer, Origin,Accept-Encoding","date":"Sat, 04 Jul 2020 17:16:38 GMT","server":"ESF","cache-control":"private","x-xss-protection":"0","x-frame-options":"SAMEORIGIN","x-content-type-options":"nosniff","alt-svc":"h3-29=\":443\"; ma=2592000,h3-27=\":443\"; ma=2592000,h3-25=\":443\"; ma=2592000,h3-T050=\":443\"; ma=2592000,h3-Q050=\":443\"; ma=2592000,h3-Q046=\":443\"; ma=2592000,h3-Q043=\":443\"; ma=2592000,quic=\":443\"; ma=2592000; v=\"46,43\"","accept-ranges":"none","transfer-encoding":"chunked"}
[info] i  hosting[admin]: Serving hosting files from: build
[info] ✔  hosting[admin]: Local server: http://localhost:5000
[info] ✔  hosting: hosting emulator started at http://localhost:5000
[info] i  functions: Watching "/Users/vincent/Documents/projects/new_vibe_admin/functions" for Cloud Functions...
[debug] [2020-07-04T17:16:38.266Z] [worker-pool] addWorker(~diagnostic~) 
[debug] [2020-07-04T17:16:38.266Z] [worker-pool] Adding worker with key ~diagnostic~, total=1 
[debug] [2020-07-04T17:16:38.266Z] [worker-pool] submitWork(triggerId=) 
[debug] [2020-07-04T17:16:38.267Z] [worker-~diagnostic~-70dd6ee2-c854-430d-98c2-309d1cd1b09c]: Assigning socketPath: /var/folders/cx/bnmlzx515v78mtl8cw248ssh0000gn/T/fire_emu_22421.sock 
[debug] [2020-07-04T17:16:38.267Z] [worker-~diagnostic~-70dd6ee2-c854-430d-98c2-309d1cd1b09c]: BUSY 
[debug] [2020-07-04T17:16:38.490Z] [runtime-status] [22421] Functions runtime initialized. {"cwd":"/Users/vincent/Documents/projects/new_vibe_admin/functions","node_version":"12.16.1"} 
[debug] [2020-07-04T17:16:38.490Z] [runtime-status] [22421] Disabled runtime features: undefined 
[debug] [2020-07-04T17:16:38.494Z] [runtime-status] [22421] Resolved module firebase-admin {"declared":true,"installed":true,"version":"8.13.0","resolution":"/Users/vincent/Documents/projects/new_vibe_admin/functions/node_modules/firebase-admin/lib/index.js"} 
[debug] [2020-07-04T17:16:38.494Z] [runtime-status] [22421] Resolved module firebase-functions {"declared":true,"installed":true,"version":"3.7.0","resolution":"/Users/vincent/Documents/projects/new_vibe_admin/functions/node_modules/firebase-functions/lib/index.js"} 
[warn] ⚠  functions: Your GOOGLE_APPLICATION_CREDENTIALS environment variable points to ../../work/new_vibe/keys/new-vibe-b4aec64d54ef.json. Non-emulated services will access production using these credentials. Be careful!
[debug] [2020-07-04T17:16:38.496Z] [runtime-status] [22421] Outgoing network have been stubbed. [{"name":"http","status":"mocked"},{"name":"http","status":"mocked"},{"name":"https","status":"mocked"},{"name":"https","status":"mocked"},{"name":"net","status":"mocked"}] 
[debug] [2020-07-04T17:16:38.526Z] [runtime-status] [22421] Checked functions.config() {"config":{}} 
[debug] [2020-07-04T17:16:38.526Z] [runtime-status] [22421] Error in handleMessage: {"frb":{"cwd":"/Users/vincent/Documents/projects/new_vibe_admin/functions","projectId":"new-vibe","triggerId":"","emulators":{},"socketPath":"/var/folders/cx/bnmlzx515v78mtl8cw248ssh0000gn/T/fire_emu_22421.sock"},"opts":{"nodeBinary":"/usr/local/bin/firebase"}} => TypeError: Cannot set property config of #<Object> which has only a getter: TypeError: Cannot set property config of #<Object> which has only a getter
    at /Users/vincent/.cache/firebase/tools/lib/node_modules/firebase-tools/lib/emulator/functionsEmulatorRuntime.js:455:19
    at Generator.next (<anonymous>)
    at fulfilled (/Users/vincent/.cache/firebase/tools/lib/node_modules/firebase-tools/lib/emulator/functionsEmulatorRuntime.js:5:58)
    at processTicksAndRejections (internal/process/task_queues.js:97:5) 
[warn] ⚠  functions: Cannot set property config of #<Object> which has only a getter
[warn] ⚠  Your function was killed because it raised an unhandled error.
[debug] [2020-07-04T17:16:38.532Z] [worker-~diagnostic~-70dd6ee2-c854-430d-98c2-309d1cd1b09c]: exited 
[debug] [2020-07-04T17:16:38.532Z] [worker-~diagnostic~-70dd6ee2-c854-430d-98c2-309d1cd1b09c]: FINISHED 
